<?xml version="1.0" encoding="UTF-8"?>
<!-- Generated by org.testng.reporters.JUnitReportReporter -->
<testsuite hostname="rbidnoor" name="lib.lib.com.NewTest1" tests="6" failures="0" timestamp="4 Mar 2017 17:14:05 GMT" time="0.015" errors="0">
  <testcase name="so2" time="0.001" classname="lib.lib.com.NewTest1"/>
  <testcase name="po2" time="0.002" classname="lib.lib.com.NewTest1"/>
  <testcase name="po1" time="0.004" classname="lib.lib.com.NewTest1"/>
  <testcase name="so3" time="0.002" classname="lib.lib.com.NewTest1"/>
  <testcase name="po3" time="0.004" classname="lib.lib.com.NewTest1"/>
  <testcase name="so1" time="0.002" classname="lib.lib.com.NewTest1"/>
</testsuite> <!-- lib.lib.com.NewTest1 -->
