<?xml version="1.0" encoding="UTF-8"?>
<!-- Generated by org.testng.reporters.JUnitReportReporter -->
<testsuite hostname="rbidnoor" name="lib.lib.com.NewTest2" tests="3" failures="0" timestamp="4 Mar 2017 17:14:05 GMT" time="0.005" errors="0">
  <testcase name="teststub2" time="0.001" classname="lib.lib.com.NewTest2"/>
  <testcase name="teststub1" time="0.001" classname="lib.lib.com.NewTest2"/>
  <testcase name="teststub" time="0.003" classname="lib.lib.com.NewTest2"/>
</testsuite> <!-- lib.lib.com.NewTest2 -->
